<?xml version="1.0" encoding="UTF-8"?>
<testsuite xmlns:xsi="http://www.w3.org/2001/XMLSchema-instance" xsi:noNamespaceSchemaLocation="https://maven.apache.org/surefire/maven-surefire-plugin/xsd/surefire-test-report-3.0.xsd" version="3.0" name="org.springframework.samples.petclinic.service.ClinicServiceTests" time="6.078" tests="10" errors="0" skipped="0" failures="0">
  <properties>
[...]
</properties>
  <testcase name="shouldFindVets" classname="org.springframework.samples.petclinic.service.ClinicServiceTests" time="0.662">
    <system-out><![CDATA[19:07:52.072 [main] INFO org.springframework.test.context.support.AnnotationConfigContextLoaderUtils -- Could not detect default configuration classes for test class [org.springframework.samples.petclinic.service.ClinicServiceTests]: ClinicServiceTests does not declare any static, non-private, non-final, nested classes annotated with @Configuration.
19:07:52.258 [main] INFO org.springframework.boot.test.context.SpringBootTestContextBootstrapper -- Found @SpringBootConfiguration org.springframework.samples.petclinic.PetClinicApplication for test class org.springframework.samples.petclinic.service.ClinicServiceTests


              |\      _,,,--,,_
             /,`.-'`'   ._  \-;;,_
  _______ __|,4-  ) )_   .;.(__`'-'__     ___ __    _ ___ _______
 |       | '---''(_/._)-'(_\_)   |   |   |   |  |  | |   |       |
 |    _  |    ___|_     _|       |   |   |   |   |_| |   |       | __ _ _
 |   |_| |   |___  |   | |       |   |   |   |       |   |       | \ \ \ \
 |    ___|    ___| |   | |      _|   |___|   |  _    |   |      _|  \ \ \ \
 |   |   |   |___  |   | |     |_|       |   | | |   |   |     |_    ) ) ) )
 |___|   |_______| |___| |_______|_______|___|_|  |__|___|_______|  / / / /
 ==================================================================/_/_/_/

:: Built with Spring Boot :: 3.1.1


2023-08-29T19:07:52.803+02:00  INFO 5642 --- [           main] o.s.s.p.service.ClinicServiceTests       : Starting ClinicServiceTests using Java 17.0.7 with PID 5642 (started by frok in /home/frok/Desktop/spring-petclinic-docker)
2023-08-29T19:07:52.806+02:00  INFO 5642 --- [           main] o.s.s.p.service.ClinicServiceTests       : No active profile set, falling back to 1 default profile: "default"
2023-08-29T19:07:53.337+02:00  INFO 5642 --- [           main] .s.d.r.c.RepositoryConfigurationDelegate : Bootstrapping Spring Data JPA repositories in DEFAULT mode.
2023-08-29T19:07:53.406+02:00  INFO 5642 --- [           main] .s.d.r.c.RepositoryConfigurationDelegate : Finished Spring Data repository scanning in 60 ms. Found 2 JPA repository interfaces.
2023-08-29T19:07:53.733+02:00  INFO 5642 --- [           main] com.zaxxer.hikari.HikariDataSource       : HikariPool-1 - Starting...
2023-08-29T19:07:54.088+02:00  INFO 5642 --- [           main] com.zaxxer.hikari.pool.HikariPool        : HikariPool-1 - Added connection conn0: url=jdbc:h2:mem:b40aaf77-a501-4140-95e6-6847b1757d35 user=SA
2023-08-29T19:07:54.090+02:00  INFO 5642 --- [           main] com.zaxxer.hikari.HikariDataSource       : HikariPool-1 - Start completed.
2023-08-29T19:07:54.304+02:00  INFO 5642 --- [           main] o.hibernate.jpa.internal.util.LogHelper  : HHH000204: Processing PersistenceUnitInfo [name: default]
2023-08-29T19:07:54.372+02:00  INFO 5642 --- [           main] org.hibernate.Version                    : HHH000412: Hibernate ORM core version 6.2.5.Final
2023-08-29T19:07:54.375+02:00  INFO 5642 --- [           main] org.hibernate.cfg.Environment            : HHH000406: Using bytecode reflection optimizer
2023-08-29T19:07:54.551+02:00  INFO 5642 --- [           main] o.h.b.i.BytecodeProviderInitiator        : HHH000021: Bytecode provider name : bytebuddy
2023-08-29T19:07:54.706+02:00  INFO 5642 --- [           main] o.s.o.j.p.SpringPersistenceUnitInfo      : No LoadTimeWeaver setup: ignoring JPA class transformer
2023-08-29T19:07:55.044+02:00  INFO 5642 --- [           main] o.h.b.i.BytecodeProviderInitiator        : HHH000021: Bytecode provider name : bytebuddy
2023-08-29T19:07:56.018+02:00  INFO 5642 --- [           main] o.h.e.t.j.p.i.JtaPlatformInitiator       : HHH000490: Using JtaPlatform implementation: [org.hibernate.engine.transaction.jta.platform.internal.NoJtaPlatform]
2023-08-29T19:07:56.021+02:00  INFO 5642 --- [           main] j.LocalContainerEntityManagerFactoryBean : Initialized JPA EntityManagerFactory for persistence unit 'default'
2023-08-29T19:07:56.324+02:00  INFO 5642 --- [           main] o.s.d.j.r.query.QueryEnhancerFactory     : Hibernate is in classpath; If applicable, HQL parser will be used.
2023-08-29T19:07:57.025+02:00  INFO 5642 --- [           main] o.s.s.p.service.ClinicServiceTests       : Started ClinicServiceTests in 4.692 seconds (process running for 6.556)
Hibernate: select v1_0.id,v1_0.first_name,v1_0.last_name from vets v1_0
Hibernate: select s1_0.vet_id,s1_1.id,s1_1.name from vet_specialties s1_0 join specialties s1_1 on s1_1.id=s1_0.specialty_id where s1_0.vet_id=?
Hibernate: select s1_0.vet_id,s1_1.id,s1_1.name from vet_specialties s1_0 join specialties s1_1 on s1_1.id=s1_0.specialty_id where s1_0.vet_id=?
Hibernate: select s1_0.vet_id,s1_1.id,s1_1.name from vet_specialties s1_0 join specialties s1_1 on s1_1.id=s1_0.specialty_id where s1_0.vet_id=?
Hibernate: select s1_0.vet_id,s1_1.id,s1_1.name from vet_specialties s1_0 join specialties s1_1 on s1_1.id=s1_0.specialty_id where s1_0.vet_id=?
Hibernate: select s1_0.vet_id,s1_1.id,s1_1.name from vet_specialties s1_0 join specialties s1_1 on s1_1.id=s1_0.specialty_id where s1_0.vet_id=?
Hibernate: select s1_0.vet_id,s1_1.id,s1_1.name from vet_specialties s1_0 join specialties s1_1 on s1_1.id=s1_0.specialty_id where s1_0.vet_id=?
]]></system-out>
  </testcase>
  <testcase name="shouldFindOwnersByLastName" classname="org.springframework.samples.petclinic.service.ClinicServiceTests" time="0.075">
    <system-out><![CDATA[Hibernate: select distinct o1_0.id,o1_0.address,o1_0.city,o1_0.first_name,o1_0.last_name,o1_0.telephone from owners o1_0 left join pets p1_0 on o1_0.id=p1_0.owner_id where o1_0.last_name like (?||'%') escape ''
Hibernate: select p1_0.owner_id,p1_0.id,p1_0.birth_date,p1_0.name,t1_0.id,t1_0.name from pets p1_0 left join types t1_0 on t1_0.id=p1_0.type_id where p1_0.owner_id=? order by p1_0.name
Hibernate: select v1_0.pet_id,v1_0.id,v1_0.visit_date,v1_0.description from visits v1_0 where v1_0.pet_id=? order by v1_0.visit_date
Hibernate: select p1_0.owner_id,p1_0.id,p1_0.birth_date,p1_0.name,t1_0.id,t1_0.name from pets p1_0 left join types t1_0 on t1_0.id=p1_0.type_id where p1_0.owner_id=? order by p1_0.name
Hibernate: select v1_0.pet_id,v1_0.id,v1_0.visit_date,v1_0.description from visits v1_0 where v1_0.pet_id=? order by v1_0.visit_date
Hibernate: select distinct o1_0.id,o1_0.address,o1_0.city,o1_0.first_name,o1_0.last_name,o1_0.telephone from owners o1_0 left join pets p1_0 on o1_0.id=p1_0.owner_id where o1_0.last_name like (?||'%') escape ''
]]></system-out>
  </testcase>
  <testcase name="shouldAddNewVisitForPet" classname="org.springframework.samples.petclinic.service.ClinicServiceTests" time="0.072">
    <system-out><![CDATA[Hibernate: select o1_0.id,o1_0.address,o1_0.city,o1_0.first_name,o1_0.last_name,p1_0.owner_id,p1_0.id,p1_0.birth_date,p1_0.name,p1_0.type_id,o1_0.telephone from owners o1_0 left join pets p1_0 on o1_0.id=p1_0.owner_id where o1_0.id=? order by p1_0.name
Hibernate: select p1_0.id,p1_0.name from types p1_0 where p1_0.id=?
Hibernate: select v1_0.pet_id,v1_0.id,v1_0.visit_date,v1_0.description from visits v1_0 where v1_0.pet_id=? order by v1_0.visit_date
Hibernate: select v1_0.pet_id,v1_0.id,v1_0.visit_date,v1_0.description from visits v1_0 where v1_0.pet_id=? order by v1_0.visit_date
Hibernate: insert into visits (visit_date,description,id) values (?,?,default)
Hibernate: select o1_0.id,o1_0.address,o1_0.city,o1_0.first_name,o1_0.last_name,p1_0.owner_id,p1_0.id,p1_0.birth_date,p1_0.name,p1_0.type_id,o1_0.telephone from owners o1_0 left join pets p1_0 on o1_0.id=p1_0.owner_id where o1_0.id=? order by p1_0.name
]]></system-out>
  </testcase>
  <testcase name="shouldUpdateOwner" classname="org.springframework.samples.petclinic.service.ClinicServiceTests" time="0.031">
    <system-out><![CDATA[Hibernate: select o1_0.id,o1_0.address,o1_0.city,o1_0.first_name,o1_0.last_name,p1_0.owner_id,p1_0.id,p1_0.birth_date,p1_0.name,p1_0.type_id,o1_0.telephone from owners o1_0 left join pets p1_0 on o1_0.id=p1_0.owner_id where o1_0.id=? order by p1_0.name
Hibernate: select p1_0.id,p1_0.name from types p1_0 where p1_0.id=?
Hibernate: select v1_0.pet_id,v1_0.id,v1_0.visit_date,v1_0.description from visits v1_0 where v1_0.pet_id=? order by v1_0.visit_date
Hibernate: update owners set address=?,city=?,first_name=?,last_name=?,telephone=? where id=?
Hibernate: select o1_0.id,o1_0.address,o1_0.city,o1_0.first_name,o1_0.last_name,p1_0.owner_id,p1_0.id,p1_0.birth_date,p1_0.name,p1_0.type_id,o1_0.telephone from owners o1_0 left join pets p1_0 on o1_0.id=p1_0.owner_id where o1_0.id=? order by p1_0.name
]]></system-out>
  </testcase>
  <testcase name="shouldFindVisitsByPetId" classname="org.springframework.samples.petclinic.service.ClinicServiceTests" time="0.018">
    <system-out><![CDATA[Hibernate: select o1_0.id,o1_0.address,o1_0.city,o1_0.first_name,o1_0.last_name,p1_0.owner_id,p1_0.id,p1_0.birth_date,p1_0.name,p1_0.type_id,o1_0.telephone from owners o1_0 left join pets p1_0 on o1_0.id=p1_0.owner_id where o1_0.id=? order by p1_0.name
Hibernate: select p1_0.id,p1_0.name from types p1_0 where p1_0.id=?
Hibernate: select v1_0.pet_id,v1_0.id,v1_0.visit_date,v1_0.description from visits v1_0 where v1_0.pet_id=? order by v1_0.visit_date
Hibernate: select v1_0.pet_id,v1_0.id,v1_0.visit_date,v1_0.description from visits v1_0 where v1_0.pet_id=? order by v1_0.visit_date
]]></system-out>
  </testcase>
  <testcase name="shouldInsertPetIntoDatabaseAndGenerateId" classname="org.springframework.samples.petclinic.service.ClinicServiceTests" time="0.036">
    <system-out><![CDATA[Hibernate: select o1_0.id,o1_0.address,o1_0.city,o1_0.first_name,o1_0.last_name,p1_0.owner_id,p1_0.id,p1_0.birth_date,p1_0.name,p1_0.type_id,o1_0.telephone from owners o1_0 left join pets p1_0 on o1_0.id=p1_0.owner_id where o1_0.id=? order by p1_0.name
Hibernate: select p1_0.id,p1_0.name from types p1_0 where p1_0.id=?
Hibernate: select v1_0.pet_id,v1_0.id,v1_0.visit_date,v1_0.description from visits v1_0 where v1_0.pet_id=? order by v1_0.visit_date
Hibernate: select v1_0.pet_id,v1_0.id,v1_0.visit_date,v1_0.description from visits v1_0 where v1_0.pet_id=? order by v1_0.visit_date
Hibernate: select p1_0.id,p1_0.name from types p1_0 order by p1_0.name
Hibernate: insert into pets (birth_date,name,type_id,id) values (?,?,?,default)
Hibernate: update pets set owner_id=? where id=?
Hibernate: select o1_0.id,o1_0.address,o1_0.city,o1_0.first_name,o1_0.last_name,p1_0.owner_id,p1_0.id,p1_0.birth_date,p1_0.name,p1_0.type_id,o1_0.telephone from owners o1_0 left join pets p1_0 on o1_0.id=p1_0.owner_id where o1_0.id=? order by p1_0.name
]]></system-out>
  </testcase>
  <testcase name="shouldInsertOwner" classname="org.springframework.samples.petclinic.service.ClinicServiceTests" time="0.016">
    <system-out><![CDATA[Hibernate: select distinct o1_0.id,o1_0.address,o1_0.city,o1_0.first_name,o1_0.last_name,o1_0.telephone from owners o1_0 left join pets p1_0 on o1_0.id=p1_0.owner_id where o1_0.last_name like (?||'%') escape ''
Hibernate: insert into owners (address,city,first_name,last_name,telephone,id) values (?,?,?,?,?,default)
Hibernate: select distinct o1_0.id,o1_0.address,o1_0.city,o1_0.first_name,o1_0.last_name,o1_0.telephone from owners o1_0 left join pets p1_0 on o1_0.id=p1_0.owner_id where o1_0.last_name like (?||'%') escape ''
]]></system-out>
  </testcase>
  <testcase name="shouldFindSingleOwnerWithPet" classname="org.springframework.samples.petclinic.service.ClinicServiceTests" time="0.012">
    <system-out><![CDATA[Hibernate: select o1_0.id,o1_0.address,o1_0.city,o1_0.first_name,o1_0.last_name,p1_0.owner_id,p1_0.id,p1_0.birth_date,p1_0.name,p1_0.type_id,o1_0.telephone from owners o1_0 left join pets p1_0 on o1_0.id=p1_0.owner_id where o1_0.id=? order by p1_0.name
Hibernate: select p1_0.id,p1_0.name from types p1_0 where p1_0.id=?
Hibernate: select v1_0.pet_id,v1_0.id,v1_0.visit_date,v1_0.description from visits v1_0 where v1_0.pet_id=? order by v1_0.visit_date
]]></system-out>
  </testcase>
  <testcase name="shouldUpdatePetName" classname="org.springframework.samples.petclinic.service.ClinicServiceTests" time="0.024">
    <system-out><![CDATA[Hibernate: select o1_0.id,o1_0.address,o1_0.city,o1_0.first_name,o1_0.last_name,p1_0.owner_id,p1_0.id,p1_0.birth_date,p1_0.name,p1_0.type_id,o1_0.telephone from owners o1_0 left join pets p1_0 on o1_0.id=p1_0.owner_id where o1_0.id=? order by p1_0.name
Hibernate: select p1_0.id,p1_0.name from types p1_0 where p1_0.id=?
Hibernate: select v1_0.pet_id,v1_0.id,v1_0.visit_date,v1_0.description from visits v1_0 where v1_0.pet_id=? order by v1_0.visit_date
Hibernate: select v1_0.pet_id,v1_0.id,v1_0.visit_date,v1_0.description from visits v1_0 where v1_0.pet_id=? order by v1_0.visit_date
Hibernate: update pets set birth_date=?,name=?,type_id=? where id=?
Hibernate: select o1_0.id,o1_0.address,o1_0.city,o1_0.first_name,o1_0.last_name,p1_0.owner_id,p1_0.id,p1_0.birth_date,p1_0.name,p1_0.type_id,o1_0.telephone from owners o1_0 left join pets p1_0 on o1_0.id=p1_0.owner_id where o1_0.id=? order by p1_0.name
]]></system-out>
  </testcase>
  <testcase name="shouldFindAllPetTypes" classname="org.springframework.samples.petclinic.service.ClinicServiceTests" time="0.008">
    <system-out><![CDATA[Hibernate: select p1_0.id,p1_0.name from types p1_0 order by p1_0.name
]]></system-out>
  </testcase>
</testsuite>